INFO: [HLS 200-0] Workspace /home/keyarash/University/Project1/___Cifar10Resnet___/hls-nn-lib_test/solution1 opened at Sat Mar 10 21:30:14 CET 2018
Execute     config_clock -quiet -name default -period 10 -default=false 
INFO: [SYN 201-201] Setting up clock 'default' with a period of 10ns.
Command     config_clock returned 0; 0 sec.
Execute     open_platform DefaultPlatform 
Command     open_platform returned 0; 0 sec.
Execute     import_lib /home/keyarash/Vivado/Vivado/2017.4/common/technology/xilinx/virtexuplus/virtexuplus 
Execute       source /home/keyarash/Vivado/Vivado/2017.4/common/technology/xilinx/common/xilinx.lib 
Execute         source /home/keyarash/Vivado/Vivado/2017.4/common/technology/xilinx/interface/xilinx_interface.lib 
Execute           source /home/keyarash/Vivado/Vivado/2017.4/common/technology/xilinx/interface/plb46.lib 
Command           ap_source returned 0; 0 sec.
Execute           source /home/keyarash/Vivado/Vivado/2017.4/common/technology/xilinx/interface/fsl.lib 
Command           ap_source returned 0; 0 sec.
Execute           source /home/keyarash/Vivado/Vivado/2017.4/common/technology/xilinx/interface/axi4.lib 
Command           ap_source returned 0; 0 sec.
Execute           source /home/keyarash/Vivado/Vivado/2017.4/common/technology/xilinx/interface/maxi.lib 
Command           ap_source returned 0; 0 sec.
Execute           source /home/keyarash/Vivado/Vivado/2017.4/common/technology/xilinx/interface/saxilite.lib 
Command           ap_source returned 0; 0 sec.
Command         ap_source returned 0; 0 sec.
Execute         source /home/keyarash/Vivado/Vivado/2017.4/common/technology/xilinx/common/dsp48.lib 
Command         ap_source returned 0; 0 sec.
Execute         source /home/keyarash/Vivado/Vivado/2017.4/common/technology/xilinx/ip/xfft.lib 
Command         ap_source returned 0; 0 sec.
Execute         source /home/keyarash/Vivado/Vivado/2017.4/common/technology/xilinx/ip/dds_compiler.lib 
Command         ap_source returned 0; 0 sec.
Execute         source /home/keyarash/Vivado/Vivado/2017.4/common/technology/xilinx/ip/xfir.lib 
Command         ap_source returned 0; 0 sec.
Command       ap_source returned 0; 0 sec.
Execute       source /home/keyarash/Vivado/Vivado/2017.4/common/technology/xilinx/common/xilinx_old.lib 
Command       ap_source returned 0; 0.01 sec.
Execute       source /home/keyarash/Vivado/Vivado/2017.4/common/technology/xilinx/common/xilinx_vivado.lib 
Command       ap_source returned 0; 0 sec.
Execute       source /home/keyarash/Vivado/Vivado/2017.4/common/technology/xilinx/common/xilinx.hlp 
Execute         source /home/keyarash/Vivado/Vivado/2017.4/common/technology/xilinx/common/target_info.tcl 
Command         ap_source returned 0; 0 sec.
Execute         source /home/keyarash/Vivado/Vivado/2017.4/common/technology/xilinx/interface/xilinx_interface.hlp 
Execute           source /home/keyarash/Vivado/Vivado/2017.4/common/technology/xilinx/interface/maxi.hlp 
Command           ap_source returned 0; 0 sec.
Execute           source /home/keyarash/Vivado/Vivado/2017.4/common/technology/xilinx/interface/saxilite.hlp 
Command           ap_source returned 0; 0 sec.
Command         ap_source returned 0; 0 sec.
Execute         source /home/keyarash/Vivado/Vivado/2017.4/common/technology/xilinx/common/dsp48.hlp 
Command         ap_source returned 0; 0 sec.
Command       ap_source returned 0; 0 sec.
Execute       source /home/keyarash/Vivado/Vivado/2017.4/common/technology/xilinx/virtexuplus/dsp48e2.hlp 
Command       ap_source returned 0; 0 sec.
Execute       get_default_platform 
Command       get_default_platform returned 0; 0 sec.
Execute       config_chip_info -quiet -resource  {SLICE 98520}  {LUT 788160}    {FF 1576320} {DSP48E 4560}  {BRAM 2880} {URAM 640}  
Command       config_chip_info returned 0; 0 sec.
Execute       config_chip_info -quiet -speed medium 
Command       config_chip_info returned 0; 0 sec.
Execute       source /home/keyarash/Vivado/Vivado/2017.4/common/technology/xilinx/common/xilinx.hlp 
Execute         source /home/keyarash/Vivado/Vivado/2017.4/common/technology/xilinx/common/target_info.tcl 
Command         ap_source returned 0; 0 sec.
Execute         source /home/keyarash/Vivado/Vivado/2017.4/common/technology/xilinx/interface/xilinx_interface.hlp 
Execute           source /home/keyarash/Vivado/Vivado/2017.4/common/technology/xilinx/interface/maxi.hlp 
Command           ap_source returned 0; 0 sec.
Execute           source /home/keyarash/Vivado/Vivado/2017.4/common/technology/xilinx/interface/saxilite.hlp 
Command           ap_source returned 0; 0 sec.
Command         ap_source returned 0; 0 sec.
Execute         source /home/keyarash/Vivado/Vivado/2017.4/common/technology/xilinx/common/dsp48.hlp 
Command         ap_source returned 0; 0 sec.
Command       ap_source returned 0; 0.01 sec.
Command     import_lib returned 0; 0.02 sec.
Execute     source /home/keyarash/Vivado/Vivado/2017.4/common/technology/xilinx/virtexuplus/virtexuplus.gen 
Execute       source /home/keyarash/Vivado/Vivado/2017.4/common/technology/xilinx/common/virtex.gen 
Execute         source /home/keyarash/Vivado/Vivado/2017.4/common/technology/xilinx/common/xilinx.gen 
Execute           source /home/keyarash/Vivado/Vivado/2017.4/common/technology/xilinx/interface/plb46.gen 
Command           ap_source returned 0; 0 sec.
Execute           source /home/keyarash/Vivado/Vivado/2017.4/common/technology/xilinx/interface/fsl.gen 
Command           ap_source returned 0; 0 sec.
Execute           source /home/keyarash/Vivado/Vivado/2017.4/common/technology/xilinx/interface/axi4.gen 
Command           ap_source returned 0; 0 sec.
Execute           source /home/keyarash/Vivado/Vivado/2017.4/common/technology/xilinx/interface/nativeAXI4.gen 
Execute             source /home/keyarash/Vivado/Vivado/2017.4/common/technology/xilinx/interface/saxilite.gen 
Command             ap_source returned 0; 0 sec.
Execute             source /home/keyarash/Vivado/Vivado/2017.4/common/technology/xilinx/interface/maxi.gen 
Command             ap_source returned 0; 0.01 sec.
Command           ap_source returned 0; 0.01 sec.
Execute           source /home/keyarash/Vivado/Vivado/2017.4/common/technology/xilinx/scripts/xilinxcoregen.gen 
Command           ap_source returned 0; 0.01 sec.
Execute           source /home/keyarash/Vivado/Vivado/2017.4/common/technology/xilinx/interface/XilEDKCoreGen.gen 
Command           ap_source returned 0; 0.01 sec.
Execute           source /home/keyarash/Vivado/Vivado/2017.4/common/technology/xilinx/ip/xfir.gen 
Command           ap_source returned 0; 0 sec.
Execute           source /home/keyarash/Vivado/Vivado/2017.4/common/technology/xilinx/ip/dds_compiler.gen 
Command           ap_source returned 0; 0 sec.
Execute           source /home/keyarash/Vivado/Vivado/2017.4/common/technology/xilinx/ip/util.gen 
Command           ap_source returned 0; 0 sec.
Execute           source /home/keyarash/Vivado/Vivado/2017.4/common/technology/xilinx/ip/xfft.gen 
Command           ap_source returned 0; 0.1 sec.
Command         ap_source returned 0; 0.13 sec.
Execute         source /home/keyarash/Vivado/Vivado/2017.4/common/technology/xilinx/common/dsp48.gen 
Command         ap_source returned 0; 0 sec.
Command       ap_source returned 0; 0.13 sec.
Command     ap_source returned 0; 0.13 sec.
Execute     open_platform DefaultPlatform 
Command     open_platform returned 0; 0 sec.
Execute     import_lib /home/keyarash/Vivado/Vivado/2017.4/common/technology/xilinx/virtexuplus/virtexuplus_fpv7 
Execute       source /home/keyarash/Vivado/Vivado/2017.4/common/technology/xilinx/common/xilinx_fpv7.lib 
Execute         source /home/keyarash/Vivado/Vivado/2017.4/common/technology/xilinx/common/xilinx_hp.lib 
Command         ap_source returned 0; 0.01 sec.
Command       ap_source returned 0; 0.01 sec.
Execute       source /home/keyarash/Vivado/Vivado/2017.4/common/technology/xilinx/common/xilinx_fpv.hlp 
Execute         source /home/keyarash/Vivado/Vivado/2017.4/common/technology/xilinx/common/xilinx.hlp 
Execute           source /home/keyarash/Vivado/Vivado/2017.4/common/technology/xilinx/common/target_info.tcl 
Command           ap_source returned 0; 0.01 sec.
Execute           source /home/keyarash/Vivado/Vivado/2017.4/common/technology/xilinx/interface/xilinx_interface.hlp 
Execute             source /home/keyarash/Vivado/Vivado/2017.4/common/technology/xilinx/interface/maxi.hlp 
Command             ap_source returned 0; 0 sec.
Execute             source /home/keyarash/Vivado/Vivado/2017.4/common/technology/xilinx/interface/saxilite.hlp 
Command             ap_source returned 0; 0 sec.
Command           ap_source returned 0; 0 sec.
Execute           source /home/keyarash/Vivado/Vivado/2017.4/common/technology/xilinx/common/dsp48.hlp 
Command           ap_source returned 0; 0 sec.
Command         ap_source returned 0; 0.01 sec.
Command       ap_source returned 0; 0.01 sec.
Execute       source /home/keyarash/Vivado/Vivado/2017.4/common/technology/xilinx/virtexuplus/virtexuplus_hp.hlp 
Command       ap_source returned 0; 0 sec.
Command     import_lib returned 0; 0.02 sec.
Execute     source /home/keyarash/Vivado/Vivado/2017.4/common/technology/xilinx/virtexuplus/virtexuplus_fpv7.gen 
Execute       source /home/keyarash/Vivado/Vivado/2017.4/common/technology/xilinx/common/xilinx_fpv6.gen 
Command       ap_source returned 0; 0 sec.
Command     ap_source returned 0; 0 sec.
Execute     set_part xcvu9p-fsgd2104-3-e 
Execute       add_library xilinx/virtexuplus/virtexuplus:xcvu9p:-fsgd2104:-3-e 
Execute         get_default_platform 
Command         get_default_platform returned 0; 0 sec.
Execute         license_isbetapart xcvu9p 
Command         license_isbetapart returned 1; 0.01 sec.
Execute         get_default_platform 
Command         get_default_platform returned 0; 0 sec.
Execute         config_chip_info -quiet -resource  {SLICE 147780} {LUT 1182240}   {FF 2364480} {DSP48E 6840}  {BRAM 4320} {URAM 960}  
Command         config_chip_info returned 0; 0 sec.
Execute         config_chip_info -quiet -speed fast 
Command         config_chip_info returned 0; 0 sec.
Command       add_library returned 0; 0.02 sec.
Execute       add_library xilinx/virtexuplus/virtexuplus_fpv7 
Execute         get_default_platform 
Command         get_default_platform returned 0; 0 sec.
Command       add_library returned 0; 0 sec.
INFO: [HLS 200-10] Setting target device to 'xcvu9p-fsgd2104-3-e'
Execute       get_default_platform 
Command       get_default_platform returned 0; 0 sec.
Command     set_part returned 0; 0.06 sec.
Execute     get_default_platform 
Command     get_default_platform returned 0; 0 sec.
Execute     config_chip_info -quiet -resource  {SLICE 147780} {LUT 1182240}   {FF 2364480} {DSP48E 6840}  {BRAM 4320} {URAM 960}  
Command     config_chip_info returned 0; 0 sec.
Execute     config_chip_info -quiet -speed fast 
Command     config_chip_info returned 0; 0 sec.
Command   open_solution returned 0; 0.25 sec.
Execute   set_part xcvu9p-fsgd2104-3-e -tool vivado 
Execute     add_library xilinx/virtexuplus/virtexuplus:xcvu9p:-fsgd2104:-3-e 
Execute       get_default_platform 
Command       get_default_platform returned 0; 0 sec.
Execute       license_isbetapart xcvu9p 
Command       license_isbetapart returned 1; 0 sec.
Execute       get_default_platform 
Command       get_default_platform returned 0; 0 sec.
Execute       config_chip_info -quiet -resource  {SLICE 147780} {LUT 1182240}   {FF 2364480} {DSP48E 6840}  {BRAM 4320} {URAM 960}  
Command       config_chip_info returned 0; 0 sec.
Execute       config_chip_info -quiet -speed fast 
Command       config_chip_info returned 0; 0 sec.
Command     add_library returned 0; 0 sec.
Execute     add_library xilinx/virtexuplus/virtexuplus_fpv7 
Execute       get_default_platform 
Command       get_default_platform returned 0; 0 sec.
Command     add_library returned 0; 0.01 sec.
Execute     get_default_platform 
Command     get_default_platform returned 0; 0 sec.
Command   set_part returned 0; 0.05 sec.
Execute   create_clock -period 10 -name default 
Command   create_clock returned 0; 0 sec.
Execute   csynth_design 
Execute     elaborate -effort=medium -skip_syncheck=0 -keep_printf=0 -lm=0 -skip_cdt=0 -skip_transform=0 -VP9_rom_infer_simplify=0 -ng=0 -g=0 -opt_fp=0 -enable_clang39=0 
INFO: [HLS 200-10] Analyzing design file 'hls-nn-lib_test/.settings/core.cpp' ...
INFO: [HLS 200-0] Compiling one TU...
Execute       is_m_axi_addr64 
Command       is_m_axi_addr64 returned 0; 0 sec.
INFO: [HLS 200-0] Handling hls-nn-lib_test/.settings/core.cpp as C++
Execute       get_default_platform 
Command       get_default_platform returned 0; 0 sec.
Execute       is_encrypted hls-nn-lib_test/.settings/core.cpp 
Command       is_encrypted returned 0; 0 sec.
Execute       get_default_platform 
Command       get_default_platform returned 0; 0 sec.
INFO: [HLS 200-0] Source preprocessing
Execute       clang  -fno-limit-debug-info -gcc-toolchain "/home/keyarash/Vivado/Vivado/2017.4/lnx64/tools/gcc" -hls  -fno-exceptions  -D__llvm__  -E "hls-nn-lib_test/.settings/core.cpp"     -fno-math-errno -c -emit-llvm -O0  -mllvm -disable-llvm-optzns -fno-threadsafe-statics  -fno-use-cxa-atexit  -fno-threadsafe-statics -fno-use-cxa-atexit -D__CLANG_3_1__ -DAESL_SYN -D__SYNTHESIS__ -D__HLS_SYN__ -I "/home/keyarash/Vivado/Vivado/2017.4/common/technology/autopilot" -I "/home/keyarash/Vivado/Vivado/2017.4/common/technology/autopilot/ap_sysc" -include etc/autopilot_ssdm_op.h -D__DSP48E2__  -o "/home/keyarash/University/Project1/___Cifar10Resnet___/hls-nn-lib_test/solution1/.autopilot/db/core.pp.0.cpp" 
INFO: [HLS 200-0] exec clang -fno-limit-debug-info -gcc-toolchain /home/keyarash/Vivado/Vivado/2017.4/lnx64/tools/gcc -hls -fno-exceptions -D__llvm__ -E hls-nn-lib_test/.settings/core.cpp -fno-math-errno -c -emit-llvm -O0 -mllvm -disable-llvm-optzns -fno-threadsafe-statics -fno-use-cxa-atexit -fno-threadsafe-statics -fno-use-cxa-atexit -D__CLANG_3_1__ -DAESL_SYN -D__SYNTHESIS__ -D__HLS_SYN__ -I /home/keyarash/Vivado/Vivado/2017.4/common/technology/autopilot -I /home/keyarash/Vivado/Vivado/2017.4/common/technology/autopilot/ap_sysc -include etc/autopilot_ssdm_op.h -D__DSP48E2__ -o /home/keyarash/University/Project1/___Cifar10Resnet___/hls-nn-lib_test/solution1/.autopilot/db/core.pp.0.cpp
Command       clang returned 0; 2.62 sec.
INFO: [HLS 200-0] Syntax Checking before pre-processing...
Execute       clang  -fno-limit-debug-info -gcc-toolchain "/home/keyarash/Vivado/Vivado/2017.4/lnx64/tools/gcc" -hls    -fno-math-errno -c -emit-llvm -O0  -mllvm -disable-llvm-optzns -fno-threadsafe-statics  -fno-use-cxa-atexit  -fno-threadsafe-statics -fno-use-cxa-atexit -D__CLANG_3_1__ -DAESL_SYN -D__SYNTHESIS__ -D__HLS_SYN__ -I "/home/keyarash/Vivado/Vivado/2017.4/common/technology/autopilot" -I "/home/keyarash/Vivado/Vivado/2017.4/common/technology/autopilot/ap_sysc" -include etc/autopilot_ssdm_op.h -D__DSP48E2__  "/home/keyarash/University/Project1/___Cifar10Resnet___/hls-nn-lib_test/solution1/.autopilot/db/core.pp.0.cpp"  -o "/home/keyarash/University/Project1/___Cifar10Resnet___/hls-nn-lib_test/solution1/.autopilot/db/useless.bc"  
INFO: [HLS 200-0] exec clang -fno-limit-debug-info -gcc-toolchain /home/keyarash/Vivado/Vivado/2017.4/lnx64/tools/gcc -hls -fno-math-errno -c -emit-llvm -O0 -mllvm -disable-llvm-optzns -fno-threadsafe-statics -fno-use-cxa-atexit -fno-threadsafe-statics -fno-use-cxa-atexit -D__CLANG_3_1__ -DAESL_SYN -D__SYNTHESIS__ -D__HLS_SYN__ -I /home/keyarash/Vivado/Vivado/2017.4/common/technology/autopilot -I /home/keyarash/Vivado/Vivado/2017.4/common/technology/autopilot/ap_sysc -include etc/autopilot_ssdm_op.h -D__DSP48E2__ /home/keyarash/University/Project1/___Cifar10Resnet___/hls-nn-lib_test/solution1/.autopilot/db/core.pp.0.cpp -o /home/keyarash/University/Project1/___Cifar10Resnet___/hls-nn-lib_test/solution1/.autopilot/db/useless.bc
Command       clang returned 0; 1.94 sec.
INFO: [HLS 200-0] GCC PP time: 4 seconds per iteration
Execute       list_core -type functional_unit 
Command       list_core returned 0; 0 sec.
INFO: [HLS 200-0] CDT Preprocessing...
INFO: [HLS 200-0] Marker-Pragma convertor: /home/keyarash/University/Project1/___Cifar10Resnet___/hls-nn-lib_test/solution1/.autopilot/db/core.pp.0.cpp /home/keyarash/University/Project1/___Cifar10Resnet___/hls-nn-lib_test/solution1/.autopilot/db/core.pp.0.cpp.ap-line.cpp /home/keyarash/University/Project1/___Cifar10Resnet___/hls-nn-lib_test/solution1/.autopilot/db/core.pp.0.cpp.ap-line.cpp.CXX 1
INFO: [HLS 200-0] Converting Markers to Pragmas...
Execute       cdt  "/home/keyarash/University/Project1/___Cifar10Resnet___/hls-nn-lib_test/solution1/.autopilot/db/core.pp.0.cpp.ap-line.cpp"  -m "docompute" -o "/home/keyarash/University/Project1/___Cifar10Resnet___/hls-nn-lib_test/solution1/.autopilot/db/core.pp.0.cpp.ap-cdt.cpp" --pp --directive /home/keyarash/University/Project1/___Cifar10Resnet___/hls-nn-lib_test/solution1/solution1.directive --source /home/keyarash/University/Project1/___Cifar10Resnet___/hls-nn-lib_test/.settings/core.cpp --error /home/keyarash/University/Project1/___Cifar10Resnet___/hls-nn-lib_test/solution1/.autopilot/db --funcunit "AddSub AddSub_DSP AddSubnS DAddSub_fulldsp DAddSub_nodsp DDiv DExp_fulldsp DExp_meddsp DExp_nodsp DLog_fulldsp DLog_meddsp DLog_nodsp DMul_fulldsp DMul_maxdsp DMul_meddsp DMul_nodsp DRSqrt DRecip DSP_Double_Pump_Mac16 DSP_Double_Pump_Mac8 DSP_Macro DSqrt DivnS FAddSub_fulldsp FAddSub_nodsp FDiv FExp_fulldsp FExp_meddsp FExp_nodsp FLog_fulldsp FLog_meddsp FLog_nodsp FMul_fulldsp FMul_maxdsp FMul_meddsp FMul_nodsp FRSqrt_fulldsp FRSqrt_nodsp FRecip_fulldsp FRecip_nodsp FSqrt HAddSub_fulldsp HAddSub_meddsp HAddSub_nodsp HDiv HMul_fulldsp HMul_maxdsp HMul_nodsp HSqrt Mul Mul2S Mul3S Mul4S Mul5S Mul6S Mul_LUT MulnS MuxnS" --ve --vetcl /home/keyarash/University/Project1/___Cifar10Resnet___/hls-nn-lib_test/solution1/.autopilot/db --ca --es --gf --pd --p2d /home/keyarash/University/Project1/___Cifar10Resnet___/hls-nn-lib_test/solution1/.autopilot/db --sd --scff /home/keyarash/University/Project1/___Cifar10Resnet___/hls-nn-lib_test/solution1/.autopilot/db/.systemc_flag --ad 
INFO: [HLS 200-0] Error:Syntax error in source:for (__decltype(__n + 0) __niter = __n;
Error:Missing ; in source:t
Error:Syntax error in source:)
 *__first = __value;
Error:Syntax error in source:for (__decltype(__n + 0) __niter = __n;
Error:Missing ; in source:t
Error:Syntax error in source:)
 *__first = __tmp;
Command       cdt returned 0; 11.62 sec.
INFO: [HLS 200-0] Marker-Pragma convertor: /home/keyarash/University/Project1/___Cifar10Resnet___/hls-nn-lib_test/solution1/.autopilot/db/core.pp.0.cpp.ap-cdt.cpp /home/keyarash/University/Project1/___Cifar10Resnet___/hls-nn-lib_test/solution1/.autopilot/db/core.pragma.0.cpp /home/keyarash/University/Project1/___Cifar10Resnet___/hls-nn-lib_test/solution1/.autopilot/db/core.pragma.0.cpp.ap-line.CXX 0
INFO: [HLS 200-0] Converting Pragmas to Markers...
Execute       source /home/keyarash/University/Project1/___Cifar10Resnet___/hls-nn-lib_test/solution1/.autopilot/db/pragma.status.tcl 
Command       ap_source returned 0; 0 sec.
INFO: [HLS 200-0] Pragma Handling...
INFO: [HLS 200-0] Source preprocessing
Execute       clang  -fno-limit-debug-info -gcc-toolchain "/home/keyarash/Vivado/Vivado/2017.4/lnx64/tools/gcc" -hls  -fno-exceptions  -D__llvm__  -E "/home/keyarash/University/Project1/___Cifar10Resnet___/hls-nn-lib_test/solution1/.autopilot/db/core.pragma.1.cpp"     -fno-math-errno -c -emit-llvm -O0  -mllvm -disable-llvm-optzns -fno-threadsafe-statics  -fno-use-cxa-atexit  -fno-threadsafe-statics -fno-use-cxa-atexit -D__CLANG_3_1__ -DAESL_SYN -D__SYNTHESIS__ -D__HLS_SYN__ -I "/home/keyarash/Vivado/Vivado/2017.4/common/technology/autopilot" -I "/home/keyarash/Vivado/Vivado/2017.4/common/technology/autopilot/ap_sysc" -include etc/autopilot_ssdm_op.h -D__DSP48E2__  -o "/home/keyarash/University/Project1/___Cifar10Resnet___/hls-nn-lib_test/solution1/.autopilot/db/core.pragma.2.cpp" 
INFO: [HLS 200-0] exec clang -fno-limit-debug-info -gcc-toolchain /home/keyarash/Vivado/Vivado/2017.4/lnx64/tools/gcc -hls -fno-exceptions -D__llvm__ -E /home/keyarash/University/Project1/___Cifar10Resnet___/hls-nn-lib_test/solution1/.autopilot/db/core.pragma.1.cpp -fno-math-errno -c -emit-llvm -O0 -mllvm -disable-llvm-optzns -fno-threadsafe-statics -fno-use-cxa-atexit -fno-threadsafe-statics -fno-use-cxa-atexit -D__CLANG_3_1__ -DAESL_SYN -D__SYNTHESIS__ -D__HLS_SYN__ -I /home/keyarash/Vivado/Vivado/2017.4/common/technology/autopilot -I /home/keyarash/Vivado/Vivado/2017.4/common/technology/autopilot/ap_sysc -include etc/autopilot_ssdm_op.h -D__DSP48E2__ -o /home/keyarash/University/Project1/___Cifar10Resnet___/hls-nn-lib_test/solution1/.autopilot/db/core.pragma.2.cpp
Command       clang returned 0; 1.12 sec.
Execute       get_default_platform 
Command       get_default_platform returned 0; 0 sec.
INFO: [HLS 200-0] Processing labels
Execute       clang  -fno-limit-debug-info -gcc-toolchain /home/keyarash/Vivado/Vivado/2017.4/lnx64/tools/gcc -hls -hls-analyze-label -hls-analyze-pragma -fno-exceptions  -D__llvm__  -w  "/home/keyarash/University/Project1/___Cifar10Resnet___/hls-nn-lib_test/solution1/.autopilot/db/core.pragma.2.cpp"    -fno-math-errno -c -emit-llvm -O0  -mllvm -disable-llvm-optzns -fno-threadsafe-statics  -fno-use-cxa-atexit -DAESL_SYN -D__SYNTHESIS__ -D__HLS_SYN__ -I "/home/keyarash/Vivado/Vivado/2017.4/common/technology/autopilot" -I "/home/keyarash/Vivado/Vivado/2017.4/common/technology/autopilot/ap_sysc" -include etc/autopilot_ssdm_op.h -D__DSP48E2__ -g -o "/home/keyarash/University/Project1/___Cifar10Resnet___/hls-nn-lib_test/solution1/.autopilot/db/core.g.bc" 
INFO: [HLS 200-0] exec clang -fno-limit-debug-info -gcc-toolchain /home/keyarash/Vivado/Vivado/2017.4/lnx64/tools/gcc -hls -hls-analyze-label -hls-analyze-pragma -fno-exceptions -D__llvm__ -w /home/keyarash/University/Project1/___Cifar10Resnet___/hls-nn-lib_test/solution1/.autopilot/db/core.pragma.2.cpp -fno-math-errno -c -emit-llvm -O0 -mllvm -disable-llvm-optzns -fno-threadsafe-statics -fno-use-cxa-atexit -DAESL_SYN -D__SYNTHESIS__ -D__HLS_SYN__ -I /home/keyarash/Vivado/Vivado/2017.4/common/technology/autopilot -I /home/keyarash/Vivado/Vivado/2017.4/common/technology/autopilot/ap_sysc -include etc/autopilot_ssdm_op.h -D__DSP48E2__ -g -o /home/keyarash/University/Project1/___Cifar10Resnet___/hls-nn-lib_test/solution1/.autopilot/db/core.g.bc
Command       clang returned 0; 1.92 sec.
Execute       source /home/keyarash/University/Project1/___Cifar10Resnet___/hls-nn-lib_test/solution1/.autopilot/db/ve_warning.tcl 
Command       ap_source returned 0; 0 sec.
INFO: [HLS 200-10] Validating synthesis directives ...
Execute       source /home/keyarash/University/Project1/___Cifar10Resnet___/hls-nn-lib_test/solution1/.autopilot/db/pragma.status.tcl 
Command       ap_source returned 0; 0 sec.
INFO: [HLS 200-111] Finished Checking Pragmas Time (s): cpu = 00:00:37 ; elapsed = 00:00:21 . Memory (MB): peak = 359.938 ; gain = 13.375 ; free physical = 496 ; free virtual = 4028
INFO: [HLS 200-0] Linking Release ...
Execute       llvm-ld /home/keyarash/University/Project1/___Cifar10Resnet___/hls-nn-lib_test/solution1/.autopilot/db/core.bc -hls-opt -except-internalize docompute -L/home/keyarash/Vivado/Vivado/2017.4/lnx64/lib -lm_basic -lhlsmc++ -lhlsm -o /home/keyarash/University/Project1/___Cifar10Resnet___/hls-nn-lib_test/solution1/.autopilot/db/a.o 
Command       llvm-ld returned 0; 0.62 sec.
Execute       disassemble /home/keyarash/University/Project1/___Cifar10Resnet___/hls-nn-lib_test/solution1/.autopilot/db/a.o /home/keyarash/University/Project1/___Cifar10Resnet___/hls-nn-lib_test/solution1/.autopilot/db/a.o 
Execute         is_encrypted /home/keyarash/University/Project1/___Cifar10Resnet___/hls-nn-lib_test/solution1/.autopilot/db/a.o.bc 
Command         is_encrypted returned 0; 0 sec.
Command       disassemble returned 0; 0.59 sec.
INFO: [HLS 200-0] Disassemble time: 0 seconds per iteration
INFO: [HLS 200-0] Linking Debug ...
Execute       llvm-ld /home/keyarash/University/Project1/___Cifar10Resnet___/hls-nn-lib_test/solution1/.autopilot/db/core.g.bc -hls-opt -except-internalize docompute -L/home/keyarash/Vivado/Vivado/2017.4/lnx64/lib -lm_basic -lhlsmc++ -lhlsm -o /home/keyarash/University/Project1/___Cifar10Resnet___/hls-nn-lib_test/solution1/.autopilot/db/a.g 
Command       llvm-ld returned 0; 0.57 sec.
INFO: [HLS 200-0] Disassemble time: 0 seconds per iteration
INFO: [HLS 200-111] Finished Linking Time (s): cpu = 00:00:39 ; elapsed = 00:00:23 . Memory (MB): peak = 359.938 ; gain = 13.375 ; free physical = 482 ; free virtual = 4044
Execute       ::config_rtl 
Command       config_rtl returned 0; 0 sec.
Execute       opt_and_import_c a -opt_level=2 -skip_syncheck=0 -ng=0 -keep_printf=0 -enable_clang39=0 -VP9_rom_infer_simplify=0 
Execute         cleanup_all_models 
Command         cleanup_all_models returned 0; 0 sec.
INFO: [HLS 200-10] Starting code transformations ...
Execute         transform -promote-dbg-pointer /home/keyarash/University/Project1/___Cifar10Resnet___/hls-nn-lib_test/solution1/.autopilot/db/a.pp.bc -o /home/keyarash/University/Project1/___Cifar10Resnet___/hls-nn-lib_test/solution1/.autopilot/db/a.pp.0.bc -f 
Command         transform returned 0; 0.03 sec.
Execute         llvm-ld /home/keyarash/University/Project1/___Cifar10Resnet___/hls-nn-lib_test/solution1/.autopilot/db/a.pp.0.bc -disable-opt -L/home/keyarash/Vivado/Vivado/2017.4/lnx64/lib -lfloatconversion -o /home/keyarash/University/Project1/___Cifar10Resnet___/hls-nn-lib_test/solution1/.autopilot/db/a.g.0 
Command         llvm-ld returned 0; 0.57 sec.
INFO: [HLS 200-0] Running Standard Transforms...
Execute         transform -hls -share-std-xform -demangle-name -inline-byval-memcpy -always-inline -promote-dbg-pointer -interface-preproc -scalarrepl -mem2reg -keep-read-access -instcombine -dce -promote-dbg-pointer -bitop-raise -loop-simplify -indvarspre -indvars -loop-simplify -xunroll -constprop -instcombine -simplifycfg -indvars -simplifycfg -dce -globaldce -basicaa -simplifycfg -mem2reg -globalopt -global-constprop -deadargelim -instcombine -simplifycfg -prune-eh -simplifycfg -scalarrepl -instcombine -reassociate -licm -simplifycfg -loop-simplify -indvars -instcombine -simplifycfg -mem2reg -loop-simplify -indvars -instcombine -gvn -gvn -instcombine -adce -break-crit-edges -simplifycfg -loop-delete -global-array-opt -dce -dse -adce -find-syn-modules -top docompute -deadargelim -mem2reg -instcombine -dce -presyn-prepare -auto-rom-infer -interface-preproc -syn-check -check-rec-only -find-region -simplifycfg -func-extr -function-inline -globaldce -mem2reg -instcombine -dce -gvn -globaldce -adce -adse -constprop -instcombine -bit-constprop -instcombine -dce -simplifycfg -bitop-raise -simplifycfg -dce -loop-delete -reassociate -globalopt -global-privatize -mem2reg -dce -global-constprop -pointer-simplify -constprop -dce -func-inst -deadargelim -auto-shift-reg-idiom -promote-dbg-pointer -norm-name /home/keyarash/University/Project1/___Cifar10Resnet___/hls-nn-lib_test/solution1/.autopilot/db/a.g.0.bc -o /home/keyarash/University/Project1/___Cifar10Resnet___/hls-nn-lib_test/solution1/.autopilot/db/a.g.1.bc -f -phase std-opt 
Command         transform returned 0; 0.18 sec.
Execute         disassemble /home/keyarash/University/Project1/___Cifar10Resnet___/hls-nn-lib_test/solution1/.autopilot/db/a.g.1 /home/keyarash/University/Project1/___Cifar10Resnet___/hls-nn-lib_test/solution1/.autopilot/db/a.g.1 
Execute           is_encrypted /home/keyarash/University/Project1/___Cifar10Resnet___/hls-nn-lib_test/solution1/.autopilot/db/a.g.1.bc 
Command           is_encrypted returned 0; 0 sec.
Command         disassemble returned 0; 0.56 sec.
INFO: [HLS 200-111] Finished Standard Transforms Time (s): cpu = 00:00:40 ; elapsed = 00:00:24 . Memory (MB): peak = 360.145 ; gain = 13.582 ; free physical = 490 ; free virtual = 4039
INFO: [HLS 200-10] Checking synthesizability ...
INFO: [HLS 200-0] Checking Synthesizability 1/2..
Execute         transform -hls -syn-check -check-rec-only -disaggr -scalarrepl -norm-name -dce -mem2reg -instcombine -function-uniquify -directive-preproc -mem2reg -dse -dce -auto-rom-infer -dce -array-normalize -instcombine -dce -warn-fifo-pointer -array-seg-normalize -instcombine -dce -array-flatten -instcombine -dce -array-burst -dce -deadargelim -promote-global-argument -simplifycfg -mem2reg -globaldce -resolve-double-ptr -dce -deadargelim -dce -instcombine -function-inline -globaldce -dce -doublePtrSimplify -doublePtrElim -dce -doublePtrSimplify -promote-dbg-pointer -dce -scalarrepl -dse -adse -instcombine -ptrLegalization -simplifycfg -dce -instcombine -pointer-simplify -ptrArgReplace -dce -instcombine -disaggr -scalarrepl -norm-name -dce -mem2reg -instcombine -ptrLegalization -simplifycfg -deadargelim -instcombine -dce -inst-simplify -function-uniquify -directive-preproc -mem2reg -dse -dce -globaldce /home/keyarash/University/Project1/___Cifar10Resnet___/hls-nn-lib_test/solution1/.autopilot/db/a.g.1.bc -o /home/keyarash/University/Project1/___Cifar10Resnet___/hls-nn-lib_test/solution1/.autopilot/db/a.g.2.prechk.bc -f 
Command         transform returned 0; 0.05 sec.
INFO: [HLS 200-0] Checking Synthesizability 2/2..
Execute         transform -syn-check /home/keyarash/University/Project1/___Cifar10Resnet___/hls-nn-lib_test/solution1/.autopilot/db/a.g.2.prechk.bc -o /home/keyarash/University/Project1/___Cifar10Resnet___/hls-nn-lib_test/solution1/.autopilot/db/a.g.2.bc -f -phase syn-check 
WARNING: [SYNCHK 200-77] The top function 'docompute' (hls-nn-lib_test/.settings/core.cpp:14) has no outputs. Possible cause(s) are: (1) Output parameters are passed by value; (2) intended outputs (parameters or global variables) are never written; (3) there are infinite loops.
INFO: [SYNCHK 200-10] 0 error(s), 1 warning(s).
Command         transform returned 0; 0.03 sec.
INFO: [HLS 200-111] Finished Checking Synthesizability Time (s): cpu = 00:00:40 ; elapsed = 00:00:24 . Memory (MB): peak = 360.145 ; gain = 13.582 ; free physical = 486 ; free virtual = 4035
INFO: [HLS 200-0] Compiler optimizing ...
INFO: [HLS 200-0] Share syncheck's 1.bc for syn flow: copy /home/keyarash/University/Project1/___Cifar10Resnet___/hls-nn-lib_test/solution1/.autopilot/db/a.g.1.bc to /home/keyarash/University/Project1/___Cifar10Resnet___/hls-nn-lib_test/solution1/.autopilot/db/a.o.1.bc
INFO: [HLS 200-0] Presyn 1...
Execute         transform -hls -tmp /home/keyarash/University/Project1/___Cifar10Resnet___/hls-nn-lib_test/solution1/.autopilot/db -interface-port-rename -type-info -function-uniquify -directive-preproc -mem2reg -dse -dce -disaggr -scalarrepl -norm-name -deadargelim -mem2reg -instcombine -dce -auto-rom-infer -dce -function-uniquify -resource-proc -simplifycfg -mem2reg -globaldce -resolve-double-ptr -dce -deadargelim -dce -instcombine -clib-intrinsic-prepare -dce -func-buffer -dce -array-normalize -func-legal -instcombine -gvn -constprop -dce -ptrArgReplace -mem2reg -instcombine -dce -array-seg-normalize -deadargelim -instcombine -dce -pointer-simplify -dce -port-alignment -dce -interface-preproc -data-pack -instcombine -dce -basicaa -aggr-aa -aggrmodref-aa -aggr-aa -gvn -gvn -basicaa -aggr-aa -aggrmodref-aa -aggr-aa -dse -adse -adce -loop-simplify -indvars -instcombine -gvn -loop-simplify -mem2reg -dce -simplifycfg -find-region -instcombine -auto-loop-pipeline -inst-simplify -interface-preproc -cfgopt -instcombine -indvars -auto-loop-unroll -loop-simplify -loop-bound -xunroll -constprop -instcombine -simplifycfg -indvars -simplifycfg -dce -globaldce -clean-region -attach-range -gvn -inst-simplify -constprop -simplifycfg -dce -pointer-simplify -dce -globalopt -constprop -dce -array-promote -constprop -instcombine -dce -ptrArgReplace -mem2reg -instcombine -simplifycfg -dce -auto-par -instcombine -dce -array-transform-check -array-reshape -instcombine -simplifycfg -dce -ptrArgReplace -deadargelim -mem2reg -instcombine -simplifycfg -dce -indvars -loop-simplify -loop-bound -xunroll -constprop -instcombine -simplifycfg -indvars -simplifycfg -dce -globaldce -duplicate-dataflow-processes -globaldce -instcombine -array-partition -instcombine -simplifycfg -dce -ptrArgReplace -global-constprop -deadargelim -mem2reg -func-legal -instcombine -dce -global-constprop -deadargelim -mem2reg -instcombine -simplifycfg -dce -merge-param -deadargelim -globalopt -constprop -dce -array-promote -constprop -instcombine -dce -ptrArgReplace -mem2reg -instcombine -simplifycfg -dce -mem-intrinsic-preproc -dce -global-privatize -mem2reg -globaldce -promote-global-argument -ptrArgReplace -mem2reg -instcombine -dce -globalopt -mergereturn -simplify-global-access -mem2reg -dce -pointer-simplify -dce -functionattrs -basicaa -aggr-aa -aggrmodref-aa -aggr-aa -gvn -gvn -basicaa -aggr-aa -aggrmodref-aa -aggr-aa -dse -adse -adce -inst-simplify -dce -norm-name -function-inline -globaldce -func-inst -constprop -instcombine -simplifycfg -dce -func-legal -dce -loop-bound -arraycheck -bitwidthmin -on-by-dataflow -loop-delete -instcombine -simplifycfg -globaldce -dce -gvn -deadargelim -dce -loop-simplify -clean-region -simplifycfg -propagate-stable-arguments -loop-stream -instcombine -simplifycfg -dce -globaldce -duplicate-dataflow-processes -stream-intrinsic-preproc -dce -check-ap-stream -loop-simplify -eliminate-keepreads -extract-dataflow-in-loop -loop-simplify -dce -gvn -deadargelim -dse -check-dataflow-syntax -legalize-stream-variable -legalize-global -extract-subproc -dce -dead-channel-elimination -canonicalize-gep -globaldce -dce -gvn -deadargelim -annotate-dataflow-channels -scalar-propagation -deadargelim -globaldce -mem2reg -check-dataflow-channels -function-stream -dce -globaldce -prop-fifo-spec -internal-stream-gen -canonicalize-gep -globaldce -dce -gvn -deadargelim -mergereturn -indvars -loop-simplify -instcombine -array-stream -array-seg-normalize -array-partition -func-legal -instcombine -simplifycfg -dce -bundle-memfifo-ops -deadargelim -function-uniquify -directive-preproc -mem2reg -dse -dce -group-axi-access -licm -simplifycfg -dce -loop-delete -norm-name /home/keyarash/University/Project1/___Cifar10Resnet___/hls-nn-lib_test/solution1/.autopilot/db/a.o.1.bc -o /home/keyarash/University/Project1/___Cifar10Resnet___/hls-nn-lib_test/solution1/.autopilot/db/a.o.1.tmp.bc -f 
Command         transform returned 0; 0.09 sec.
INFO: [HLS 200-0] Presyn 2...
Execute         transform -hls -keep-callgraph -scalarrepl -mem2reg -port-alignment -attach-range -dce -pipe-mux-gen -indvars -loop-bound -inst-simplify -instcombine -dce -merge-array-access -mem2reg -dce -clean-region -mergereturn -if-conv -instcombine -dce -constprop -basicaa -aggr-aa -aggrmodref-aa -aggr-aa -gvn -gvn -basicaa -aggr-aa -aggrmodref-aa -aggr-aa -dse -adse -adce -scalarrepl -mem2reg -global-constprop -deadargelim -deadargelim -instcombine -dce -simplifycfg -ptrArgReplace -mem2reg -function-inline -globaldce -mem2reg -instcombine -dce -expr-balance -instcombine -dce -bitwidthmin -interface-preproc -directive-preproc -inst-rectify -instcombine -dce -functionattrs -constprop -instcombine -bit-constprop -simplify-global-access -globalopt -globaldce -inst-simplify -instcombine -elimdeaddata -dce -loop-delete -simplifycfg -loop-simplify -auto-burst -norm-name /home/keyarash/University/Project1/___Cifar10Resnet___/hls-nn-lib_test/solution1/.autopilot/db/a.o.1.tmp.bc -o /home/keyarash/University/Project1/___Cifar10Resnet___/hls-nn-lib_test/solution1/.autopilot/db/a.o.2.bc -f -phase presyn 
Command         transform returned 0; 0.05 sec.
Execute         disassemble /home/keyarash/University/Project1/___Cifar10Resnet___/hls-nn-lib_test/solution1/.autopilot/db/a.o.2 /home/keyarash/University/Project1/___Cifar10Resnet___/hls-nn-lib_test/solution1/.autopilot/db/a.o.2 
Execute           is_encrypted /home/keyarash/University/Project1/___Cifar10Resnet___/hls-nn-lib_test/solution1/.autopilot/db/a.o.2.bc 
Command           is_encrypted returned 0; 0 sec.
Command         disassemble returned 0; 0.55 sec.
INFO: [HLS 200-111] Finished Pre-synthesis Time (s): cpu = 00:00:41 ; elapsed = 00:00:25 . Memory (MB): peak = 487.934 ; gain = 141.371 ; free physical = 459 ; free virtual = 4012
INFO: [HLS 200-0] Building ssdm...
Execute         transform -hls -function-uniquify -auto-function-inline -globaldce -ptrArgReplace -mem2reg -instcombine -dce -reset-lda -loop-simplify -indvars -licm -loop-dep -loop-bound -licm -loop-simplify -flattenloopnest -array-flatten -gvn -instcombine -dce -array-map -dce -func-legal -gvn -adce -instcombine -cfgopt -simplifycfg -loop-simplify -array-burst -promote-global-argument -dce -axi4-lower -array-seg-normalize -basicaa -aggrmodref-aa -globalsmodref-aa -aggr-aa -gvn -gvn -basicaa -aggrmodref-aa -globalsmodref-aa -aggr-aa -dse -adse -adce -licm -inst-simplify -dce -globaldce -instcombine -array-stream -eliminate-keepreads -instcombine -dce -deadargelim -doublePtrSimplify -doublePtrElim -dce -doublePtrSimplify -promote-dbg-pointer -dce -scalarrepl -mem2reg -disaggr -norm-name -mem2reg -instcombine -dse -adse -adce -ptrLegalization -dce -auto-rom-infer -array-flatten -dce -instcombine -check-doubleptr -loop-rot -constprop -cfgopt -simplifycfg -loop-simplify -indvars -pointer-simplify -dce -loop-bound -loop-simplify -loop-preproc -constprop -global-constprop -gvn -mem2reg -instcombine -dce -loop-bound -loop-merge -dce -bitwidthmin -deadargelim -dce -canonicalize-dataflow -dce -scalar-propagation -deadargelim -globaldce -mem2reg -interface-preproc -directive-preproc -interface-gen -deadargelim -inst-simplify -dce -gvn -mem2reg -instcombine -dce -adse -loop-bound -instcombine -cfgopt -simplifycfg -loop-simplify -clean-region -io-protocol -find-region -mem2reg -bitop-raise -inst-simplify -inst-rectify -instcombine -adce -deadargelim -loop-simplify -phi-opt -bitop-raise -cfgopt -simplifycfg -strip-dead-prototypes -interface-lower -bitop-lower -intrinsic-lower -auto-function-inline -basicaa -aggrmodref-aa -globalsmodref-aa -aggr-aa -inst-simplify -simplifycfg -loop-simplify -mergereturn -inst-simplify -inst-rectify -dce -bitop-lower -loop-rewind -pointer-simplify -dce -cfgopt -read-loop-dep -dce -bitwidth -loop-dep -check-stream -norm-name -legalize -validate-dataflow -cdfg-build /home/keyarash/University/Project1/___Cifar10Resnet___/hls-nn-lib_test/solution1/.autopilot/db/a.o.2.bc -o /home/keyarash/University/Project1/___Cifar10Resnet___/hls-nn-lib_test/solution1/.autopilot/db/a.o.3.bc -f -phase build-ssdm 
Command         transform returned 0; 0.12 sec.
Execute         disassemble /home/keyarash/University/Project1/___Cifar10Resnet___/hls-nn-lib_test/solution1/.autopilot/db/a.o.3 /home/keyarash/University/Project1/___Cifar10Resnet___/hls-nn-lib_test/solution1/.autopilot/db/a.o.3 
Execute           is_encrypted /home/keyarash/University/Project1/___Cifar10Resnet___/hls-nn-lib_test/solution1/.autopilot/db/a.o.3.bc 
Command           is_encrypted returned 0; 0 sec.
Command         disassemble returned 0; 0.53 sec.
INFO: [HLS 200-111] Finished Architecture Synthesis Time (s): cpu = 00:00:41 ; elapsed = 00:00:26 . Memory (MB): peak = 487.934 ; gain = 141.371 ; free physical = 457 ; free virtual = 4011
INFO: [HLS 200-0] Finish building internal data model.
Command       opt_and_import_c returned 0; 2.78 sec.
Command     elaborate returned 0; 25.06 sec.
Execute     autosyn 
INFO: [HLS 200-10] Starting hardware synthesis ...
INFO: [HLS 200-0] Synthesizing C/C++ design ...
INFO: [HLS 200-10] Synthesizing 'docompute' ...
Execute       ap_set_top_model docompute 
Command       ap_set_top_model returned 0; 0 sec.
Execute       get_model_list docompute -filter all-wo-channel -topdown 
Command       get_model_list returned 0; 0 sec.
Execute       preproc_iomode -model docompute 
Command       preproc_iomode returned 0; 0.03 sec.
Execute       get_model_list docompute -filter all-wo-channel 
Command       get_model_list returned 0; 0 sec.
INFO: [HLS 200-0] Model list for configure: docompute
INFO: [HLS 200-0] Configuring Module : docompute ...
Execute       set_default_model docompute 
Command       set_default_model returned 0; 0 sec.
Execute       apply_spec_resource_limit docompute 
Command       apply_spec_resource_limit returned 0; 0 sec.
INFO: [HLS 200-0] Model list for preprocess: docompute
INFO: [HLS 200-0] Preprocessing Module: docompute ...
Execute       set_default_model docompute 
Command       set_default_model returned 0; 0 sec.
Execute       cdfg_preprocess -model docompute 
Command       cdfg_preprocess returned 0; 0 sec.
Execute       rtl_gen_preprocess docompute 
Command       rtl_gen_preprocess returned 0; 0 sec.
INFO: [HLS 200-0] Model list for synthesis: docompute
INFO: [HLS 200-10] ----------------------------------------------------------------
INFO: [HLS 200-42] -- Implementing module 'docompute'
INFO: [HLS 200-10] ----------------------------------------------------------------
Execute       set_default_model docompute 
Command       set_default_model returned 0; 0 sec.
Execute       schedule -model docompute 
INFO: [SCHED 204-11] Starting scheduling ...
INFO: [SCHED 204-11] Finished scheduling.
Command       schedule returned 0; 0.17 sec.
INFO: [HLS 200-111]  Elapsed time: 25.91 seconds; current allocated memory: 72.366 MB.
Execute       report -o /home/keyarash/University/Project1/___Cifar10Resnet___/hls-nn-lib_test/solution1/.autopilot/db/docompute.verbose.sched.rpt -verbose -f 
Command       report returned 0; 0 sec.
Execute       db_write -o /home/keyarash/University/Project1/___Cifar10Resnet___/hls-nn-lib_test/solution1/.autopilot/db/docompute.sched.adb -f 
Command       db_write returned 0; 0 sec.
INFO: [HLS 200-0] Finish scheduling docompute.
Execute       set_default_model docompute 
Command       set_default_model returned 0; 0 sec.
Execute       bind -model docompute 
INFO: [BIND 205-110] clear=
INFO: [BIND 205-110] debug=
INFO: [BIND 205-110] drf=
INFO: [BIND 205-110] effort=
INFO: [BIND 205-110] fast_refine=
INFO: [BIND 205-110] fu_weight=[ 0.0 -- 1.0 ]
INFO: [BIND 205-110] global_opt=
INFO: [BIND 205-110] gsearch=
INFO: [BIND 205-110] help=
INFO: [BIND 205-110] help-hidden=
INFO: [BIND 205-110] min_mem_port=
INFO: [BIND 205-110] min_op=
INFO: [BIND 205-110] minreg=
INFO: [BIND 205-110] ml=
INFO: [BIND 205-110] model=docompute
INFO: [BIND 205-110] no_false_path=
INFO: [BIND 205-110] no_min_op=
INFO: [BIND 205-110] normalize=
INFO: [BIND 205-110] quiet=
INFO: [BIND 205-110] refine=
INFO: [BIND 205-110] reg_weight=[ 0.0 -- 1.0 ]
INFO: [BIND 205-110] search=
INFO: [BIND 205-110] tight_delay=
INFO: [BIND 205-110] verbose=
INFO: [BIND 205-110] wFF=
INFO: [BIND 205-110] wFU=
INFO: [BIND 205-110] wMUX=
INFO: [BIND 205-110] wNET=
INFO: [BIND 205-100] Starting micro-architecture generation ...
INFO: [BIND 205-101] Performing variable lifetime analysis.
INFO: [BIND 205-101] Exploring resource sharing.
INFO: [BIND 205-101] Binding ...
INFO: [BIND 205-100] Finished micro-architecture generation.
Command       bind returned 0; 0.04 sec.
INFO: [HLS 200-111]  Elapsed time: 0.05 seconds; current allocated memory: 72.432 MB.
Execute       report -o /home/keyarash/University/Project1/___Cifar10Resnet___/hls-nn-lib_test/solution1/.autopilot/db/docompute.verbose.bind.rpt -verbose -f 
Command       report returned 0; 0 sec.
Execute       db_write -o /home/keyarash/University/Project1/___Cifar10Resnet___/hls-nn-lib_test/solution1/.autopilot/db/docompute.bind.adb -f 
Command       db_write returned 0; 0.02 sec.
INFO: [HLS 200-0] Finish binding docompute.
Execute       get_model_list docompute -filter all-wo-channel 
Command       get_model_list returned 0; 0 sec.
INFO: [HLS 200-0] Preprocessing for RTLGen ...
Execute       rtl_gen_preprocess docompute 
Command       rtl_gen_preprocess returned 0; 0 sec.
INFO: [HLS 200-0] Model list for RTL generation: docompute
INFO: [HLS 200-10] ----------------------------------------------------------------
INFO: [HLS 200-10] -- Generating RTL for module 'docompute'
INFO: [HLS 200-10] ----------------------------------------------------------------
Execute       create_rtl_model docompute -vendor xilinx -mg_file /home/keyarash/University/Project1/___Cifar10Resnet___/hls-nn-lib_test/solution1/.autopilot/db/docompute.compgen.tcl 
INFO: [RTGEN 206-500] Setting interface mode on port 'docompute/input_V_data_V' to 'axis' (register, both mode).
INFO: [RTGEN 206-500] Setting interface mode on port 'docompute/input_V_last_V' to 'axis' (register, both mode).
INFO: [RTGEN 206-500] Setting interface mode on port 'docompute/input_V_keep_V' to 'axis' (register, both mode).
INFO: [RTGEN 206-500] Setting interface mode on port 'docompute/output_V_data_V' to 'axis' (register, both mode).
INFO: [RTGEN 206-500] Setting interface mode on port 'docompute/output_V_last_V' to 'axis' (register, both mode).
INFO: [RTGEN 206-500] Setting interface mode on port 'docompute/output_V_keep_V' to 'axis' (register, both mode).
INFO: [RTGEN 206-500] Setting interface mode on function 'docompute' to 's_axilite & ap_ctrl_hs'.
INFO: [RTGEN 206-100] Bundling port 'return' to AXI-Lite port control.
WARNING: [RTGEN 206-101] Port 'docompute/input_r_TDATA' has no fanin or fanout and is left dangling.
               Please use C simulation to confirm this function argument can be read from or written to.
WARNING: [RTGEN 206-101] Port 'docompute/input_r_TVALID' has no fanin or fanout and is left dangling.
               Please use C simulation to confirm this function argument can be read from or written to.
WARNING: [RTGEN 206-101] Port 'docompute/input_r_TREADY' has no fanin or fanout and is left dangling.
               Please use C simulation to confirm this function argument can be read from or written to.
WARNING: [RTGEN 206-101] Port 'docompute/input_r_TLAST' has no fanin or fanout and is left dangling.
               Please use C simulation to confirm this function argument can be read from or written to.
WARNING: [RTGEN 206-101] Port 'docompute/input_r_TKEEP' has no fanin or fanout and is left dangling.
               Please use C simulation to confirm this function argument can be read from or written to.
WARNING: [RTGEN 206-101] Port 'docompute/output_r_TDATA' has no fanin or fanout and is left dangling.
               Please use C simulation to confirm this function argument can be read from or written to.
WARNING: [RTGEN 206-101] Port 'docompute/output_r_TVALID' has no fanin or fanout and is left dangling.
               Please use C simulation to confirm this function argument can be read from or written to.
WARNING: [RTGEN 206-101] Port 'docompute/output_r_TREADY' has no fanin or fanout and is left dangling.
               Please use C simulation to confirm this function argument can be read from or written to.
WARNING: [RTGEN 206-101] Port 'docompute/output_r_TLAST' has no fanin or fanout and is left dangling.
               Please use C simulation to confirm this function argument can be read from or written to.
WARNING: [RTGEN 206-101] Port 'docompute/output_r_TKEEP' has no fanin or fanout and is left dangling.
               Please use C simulation to confirm this function argument can be read from or written to.
INFO: [RTGEN 206-100] Finished creating RTL model for 'docompute'.
Command       create_rtl_model returned 0; 0.06 sec.
INFO: [HLS 200-111]  Elapsed time: 0.09 seconds; current allocated memory: 73.076 MB.
Execute       source /home/keyarash/University/Project1/___Cifar10Resnet___/hls-nn-lib_test/solution1/.autopilot/db/docompute.rtl_wrap.cfg.tcl 
Command       ap_source returned 0; 0.01 sec.
Execute       gen_rtl docompute -istop -style xilinx -tracefl mytrace -tracefmt vcd -traceopt all -f -lang sc -o /home/keyarash/University/Project1/___Cifar10Resnet___/hls-nn-lib_test/solution1/syn/systemc/docompute -synmodules docompute 
Command       gen_rtl returned 0; 0.02 sec.
Execute       gen_rtl docompute -istop -style xilinx -f -lang vhdl -o /home/keyarash/University/Project1/___Cifar10Resnet___/hls-nn-lib_test/solution1/syn/vhdl/docompute 
Command       gen_rtl returned 0; 0.06 sec.
Execute       gen_rtl docompute -istop -style xilinx -f -lang vlog -o /home/keyarash/University/Project1/___Cifar10Resnet___/hls-nn-lib_test/solution1/syn/verilog/docompute 
Command       gen_rtl returned 0; 0.01 sec.
Execute       export_constraint_db -o /home/keyarash/University/Project1/___Cifar10Resnet___/hls-nn-lib_test/solution1/.autopilot/db/docompute.constraint.tcl -f -tool general 
Command       export_constraint_db returned 0; 0 sec.
Execute       report -model docompute -o /home/keyarash/University/Project1/___Cifar10Resnet___/hls-nn-lib_test/solution1/.autopilot/db/docompute.design.xml -verbose -f -dv 
Command       report returned 0; 0.01 sec.
Execute       report -model docompute -o /home/keyarash/University/Project1/___Cifar10Resnet___/hls-nn-lib_test/solution1/.autopilot/db/docompute.sdaccel.xml -verbose -f -sdaccel 
Command       report returned 0; 0.01 sec.
Execute       gen_tb_info docompute -o /home/keyarash/University/Project1/___Cifar10Resnet___/hls-nn-lib_test/solution1/.autopilot/db/docompute -p /home/keyarash/University/Project1/___Cifar10Resnet___/hls-nn-lib_test/solution1/.autopilot/db 
Command       gen_tb_info returned 0; 0 sec.
Execute       report -model docompute -o /home/keyarash/University/Project1/___Cifar10Resnet___/hls-nn-lib_test/solution1/syn/report/docompute_csynth.rpt -f 
Command       report returned 0; 0.01 sec.
Execute       report -model docompute -o /home/keyarash/University/Project1/___Cifar10Resnet___/hls-nn-lib_test/solution1/syn/report/docompute_csynth.xml -f -x 
Command       report returned 0; 0 sec.
Execute       report -model docompute -o /home/keyarash/University/Project1/___Cifar10Resnet___/hls-nn-lib_test/solution1/.autopilot/db/docompute.verbose.rpt -verbose -f 
Command       report returned 0; 0.01 sec.
Execute       db_write -model docompute -o /home/keyarash/University/Project1/___Cifar10Resnet___/hls-nn-lib_test/solution1/.autopilot/db/docompute.adb -f 
Command       db_write returned 0; 0.01 sec.
Execute       sc_get_clocks docompute 
Command       sc_get_clocks returned 0; 0 sec.
Execute       sc_get_portdomain docompute 
Command       sc_get_portdomain returned 0; 0 sec.
INFO: [HLS 200-0] Model list for RTL component generation: docompute
INFO: [HLS 200-0] Handling components in module [docompute] ... 
Execute       source /home/keyarash/University/Project1/___Cifar10Resnet___/hls-nn-lib_test/solution1/.autopilot/db/docompute.compgen.tcl 
INFO: [HLS 200-0] Found component docompute_control_s_axi.
INFO: [HLS 200-0] Append model docompute_control_s_axi
Command       ap_source returned 0; 0 sec.
INFO: [HLS 200-0] Append model docompute
INFO: [HLS 200-0] Generating RTL model list ...
INFO: [HLS 200-0] All models in this session: docompute_control_s_axi docompute
INFO: [HLS 200-0] To file: write model docompute_control_s_axi
INFO: [HLS 200-0] To file: write model docompute
INFO: [HLS 200-0] Finished generating RTL model list.


INFO: [HLS 200-0] RTL Generation done.
INFO: [HLS 200-0] CAS Generation done.
INFO: [HLS 200-0] CBC Generation done.
Execute       export_ssdm /home/keyarash/University/Project1/___Cifar10Resnet___/hls-nn-lib_test/solution1/.autopilot/db/a.export.ll 
Command       export_ssdm returned 0; 0 sec.
Execute       source /home/keyarash/University/Project1/___Cifar10Resnet___/hls-nn-lib_test/solution1/.autopilot/db/global.setting.tcl 
Command       ap_source returned 0; 0 sec.
Execute       source /home/keyarash/Vivado/Vivado/2017.4/common/technology/generic/autopilot/common.gen 
Execute         source /home/keyarash/Vivado/Vivado/2017.4/common/technology/generic/autopilot/APCoreGen.gen 
Command         ap_source returned 0; 0.01 sec.
Command       ap_source returned 0; 0.03 sec.
Execute       source /home/keyarash/Vivado/Vivado/2017.4/common/technology/generic/autopilot/op.gen 
Command       ap_source returned 0; 0.01 sec.
Execute       source /home/keyarash/Vivado/Vivado/2017.4/common/technology/generic/autopilot/op_simcore.gen 
Command       ap_source returned 0; 0 sec.
Execute       source /home/keyarash/Vivado/Vivado/2017.4/common/technology/generic/autopilot/interface.gen 
Command       ap_source returned 0; 0 sec.
Execute       source /home/keyarash/University/Project1/___Cifar10Resnet___/hls-nn-lib_test/solution1/.autopilot/db/global.setting.tcl 
Command       ap_source returned 0; 0 sec.
Execute       source /home/keyarash/Vivado/Vivado/2017.4/common/technology/xilinx/virtexuplus/virtexuplus.gen 
Execute         source /home/keyarash/Vivado/Vivado/2017.4/common/technology/xilinx/common/virtex.gen 
Execute           source /home/keyarash/Vivado/Vivado/2017.4/common/technology/xilinx/common/xilinx.gen 
Execute             source /home/keyarash/Vivado/Vivado/2017.4/common/technology/xilinx/interface/plb46.gen 
Command             ap_source returned 0; 0 sec.
Execute             source /home/keyarash/Vivado/Vivado/2017.4/common/technology/xilinx/interface/fsl.gen 
Command             ap_source returned 0; 0 sec.
Execute             source /home/keyarash/Vivado/Vivado/2017.4/common/technology/xilinx/interface/axi4.gen 
Command             ap_source returned 0; 0 sec.
Execute             source /home/keyarash/Vivado/Vivado/2017.4/common/technology/xilinx/interface/nativeAXI4.gen 
Execute               source /home/keyarash/Vivado/Vivado/2017.4/common/technology/xilinx/interface/saxilite.gen 
Command               ap_source returned 0; 0 sec.
Execute               source /home/keyarash/Vivado/Vivado/2017.4/common/technology/xilinx/interface/maxi.gen 
Command               ap_source returned 0; 0.01 sec.
Command             ap_source returned 0; 0.01 sec.
Execute             source /home/keyarash/Vivado/Vivado/2017.4/common/technology/xilinx/scripts/xilinxcoregen.gen 
Command             ap_source returned 0; 0.01 sec.
Execute             source /home/keyarash/Vivado/Vivado/2017.4/common/technology/xilinx/interface/XilEDKCoreGen.gen 
Command             ap_source returned 0; 0.01 sec.
Execute             source /home/keyarash/Vivado/Vivado/2017.4/common/technology/xilinx/ip/xfir.gen 
Command             ap_source returned 0; 0 sec.
Execute             source /home/keyarash/Vivado/Vivado/2017.4/common/technology/xilinx/ip/dds_compiler.gen 
Command             ap_source returned 0; 0 sec.
Execute             source /home/keyarash/Vivado/Vivado/2017.4/common/technology/xilinx/ip/util.gen 
Command             ap_source returned 0; 0 sec.
Execute             source /home/keyarash/Vivado/Vivado/2017.4/common/technology/xilinx/ip/xfft.gen 
Command             ap_source returned 0; 0.1 sec.
Command           ap_source returned 0; 0.13 sec.
Execute           source /home/keyarash/Vivado/Vivado/2017.4/common/technology/xilinx/common/dsp48.gen 
Command           ap_source returned 0; 0 sec.
Command         ap_source returned 0; 0.14 sec.
Command       ap_source returned 0; 0.14 sec.
Execute       source /home/keyarash/Vivado/Vivado/2017.4/common/technology/xilinx/virtexuplus/virtexuplus_fpv7.gen 
Execute         source /home/keyarash/Vivado/Vivado/2017.4/common/technology/xilinx/common/xilinx_fpv6.gen 
Command         ap_source returned 0; 0 sec.
Command       ap_source returned 0; 0 sec.
Execute       source /home/keyarash/University/Project1/___Cifar10Resnet___/hls-nn-lib_test/solution1/.autopilot/db/global.setting.tcl 
Command       ap_source returned 0; 0 sec.
Execute       source /home/keyarash/University/Project1/___Cifar10Resnet___/hls-nn-lib_test/solution1/.autopilot/db/global.setting.tcl 
Command       ap_source returned 0; 0 sec.
Execute       source /home/keyarash/University/Project1/___Cifar10Resnet___/hls-nn-lib_test/solution1/.autopilot/db/global.setting.tcl 
Command       ap_source returned 0; 0 sec.
Execute       source /home/keyarash/University/Project1/___Cifar10Resnet___/hls-nn-lib_test/solution1/.autopilot/db/docompute.compgen.tcl 
Execute         source ./control.slave.tcl 
Command         ap_source returned 0; 0 sec.
Command       ap_source returned 0; 0.02 sec.
Execute       source /home/keyarash/University/Project1/___Cifar10Resnet___/hls-nn-lib_test/solution1/.autopilot/db/global.setting.tcl 
Command       ap_source returned 0; 0 sec.
Execute       source /home/keyarash/Vivado/Vivado/2017.4/common/technology/generic/autopilot/common.gen 
Execute         source /home/keyarash/Vivado/Vivado/2017.4/common/technology/generic/autopilot/APCoreGen.gen 
Command         ap_source returned 0; 0 sec.
Command       ap_source returned 0; 0 sec.
Execute       source /home/keyarash/Vivado/Vivado/2017.4/common/technology/generic/autopilot/op.gen 
Command       ap_source returned 0; 0 sec.
Execute       source /home/keyarash/Vivado/Vivado/2017.4/common/technology/generic/autopilot/op_simcore.gen 
Command       ap_source returned 0; 0 sec.
Execute       source /home/keyarash/Vivado/Vivado/2017.4/common/technology/generic/autopilot/interface.gen 
Command       ap_source returned 0; 0 sec.
Execute       source /home/keyarash/University/Project1/___Cifar10Resnet___/hls-nn-lib_test/solution1/.autopilot/db/global.setting.tcl 
Command       ap_source returned 0; 0 sec.
Execute       source /home/keyarash/Vivado/Vivado/2017.4/common/technology/xilinx/virtexuplus/virtexuplus.gen 
Execute         source /home/keyarash/Vivado/Vivado/2017.4/common/technology/xilinx/common/virtex.gen 
Execute           source /home/keyarash/Vivado/Vivado/2017.4/common/technology/xilinx/common/xilinx.gen 
Execute             source /home/keyarash/Vivado/Vivado/2017.4/common/technology/xilinx/interface/plb46.gen 
Command             ap_source returned 0; 0 sec.
Execute             source /home/keyarash/Vivado/Vivado/2017.4/common/technology/xilinx/interface/fsl.gen 
Command             ap_source returned 0; 0 sec.
Execute             source /home/keyarash/Vivado/Vivado/2017.4/common/technology/xilinx/interface/axi4.gen 
Command             ap_source returned 0; 0 sec.
Execute             source /home/keyarash/Vivado/Vivado/2017.4/common/technology/xilinx/interface/nativeAXI4.gen 
Execute               source /home/keyarash/Vivado/Vivado/2017.4/common/technology/xilinx/interface/saxilite.gen 
Command               ap_source returned 0; 0 sec.
Execute               source /home/keyarash/Vivado/Vivado/2017.4/common/technology/xilinx/interface/maxi.gen 
Command               ap_source returned 0; 0.01 sec.
Command             ap_source returned 0; 0.01 sec.
Execute             source /home/keyarash/Vivado/Vivado/2017.4/common/technology/xilinx/scripts/xilinxcoregen.gen 
Command             ap_source returned 0; 0.01 sec.
Execute             source /home/keyarash/Vivado/Vivado/2017.4/common/technology/xilinx/interface/XilEDKCoreGen.gen 
Command             ap_source returned 0; 0.01 sec.
Execute             source /home/keyarash/Vivado/Vivado/2017.4/common/technology/xilinx/ip/xfir.gen 
Command             ap_source returned 0; 0 sec.
Execute             source /home/keyarash/Vivado/Vivado/2017.4/common/technology/xilinx/ip/dds_compiler.gen 
Command             ap_source returned 0; 0 sec.
Execute             source /home/keyarash/Vivado/Vivado/2017.4/common/technology/xilinx/ip/util.gen 
Command             ap_source returned 0; 0 sec.
Execute             source /home/keyarash/Vivado/Vivado/2017.4/common/technology/xilinx/ip/xfft.gen 
Command             ap_source returned 0; 0.09 sec.
Command           ap_source returned 0; 0.12 sec.
Execute           source /home/keyarash/Vivado/Vivado/2017.4/common/technology/xilinx/common/dsp48.gen 
Command           ap_source returned 0; 0.01 sec.
Command         ap_source returned 0; 0.13 sec.
Command       ap_source returned 0; 0.13 sec.
Execute       source /home/keyarash/Vivado/Vivado/2017.4/common/technology/xilinx/virtexuplus/virtexuplus_fpv7.gen 
Execute         source /home/keyarash/Vivado/Vivado/2017.4/common/technology/xilinx/common/xilinx_fpv6.gen 
Command         ap_source returned 0; 0 sec.
Command       ap_source returned 0; 0 sec.
Execute       source /home/keyarash/University/Project1/___Cifar10Resnet___/hls-nn-lib_test/solution1/.autopilot/db/docompute.rtl_wrap.cfg.tcl 
Command       ap_source returned 0; 0 sec.
Execute       source /home/keyarash/University/Project1/___Cifar10Resnet___/hls-nn-lib_test/solution1/.autopilot/db/docompute.rtl_wrap.cfg.tcl 
Command       ap_source returned 0; 0 sec.
Execute       source /home/keyarash/University/Project1/___Cifar10Resnet___/hls-nn-lib_test/solution1/.autopilot/db/docompute.rtl_wrap.cfg.tcl 
Command       ap_source returned 0; 0 sec.
Execute       source /home/keyarash/University/Project1/___Cifar10Resnet___/hls-nn-lib_test/solution1/.autopilot/db/docompute.tbgen.tcl 
Command       ap_source returned 0; 0 sec.
Execute       source /home/keyarash/University/Project1/___Cifar10Resnet___/hls-nn-lib_test/solution1/.autopilot/db/docompute.tbgen.tcl 
Command       ap_source returned 0; 0 sec.
Execute       source /home/keyarash/University/Project1/___Cifar10Resnet___/hls-nn-lib_test/solution1/.autopilot/db/global.setting.tcl 
Command       ap_source returned 0; 0 sec.
Execute       source /home/keyarash/University/Project1/___Cifar10Resnet___/hls-nn-lib_test/solution1/.autopilot/db/docompute.compgen.tcl 
Command       ap_source returned 0; 0 sec.
Execute       source /home/keyarash/University/Project1/___Cifar10Resnet___/hls-nn-lib_test/solution1/.autopilot/db/global.setting.tcl 
Command       ap_source returned 0; 0 sec.
Execute       source /home/keyarash/University/Project1/___Cifar10Resnet___/hls-nn-lib_test/solution1/.autopilot/db/docompute.compgen.tcl 
Command       ap_source returned 0; 0 sec.
Execute       source /home/keyarash/University/Project1/___Cifar10Resnet___/hls-nn-lib_test/solution1/.autopilot/db/global.setting.tcl 
Command       ap_source returned 0; 0 sec.
Execute       source /home/keyarash/University/Project1/___Cifar10Resnet___/hls-nn-lib_test/solution1/.autopilot/db/docompute.compgen.tcl 
Command       ap_source returned 0; 0 sec.
Execute       source /home/keyarash/University/Project1/___Cifar10Resnet___/hls-nn-lib_test/solution1/.autopilot/db/global.setting.tcl 
Command       ap_source returned 0; 0 sec.
Execute       source /home/keyarash/University/Project1/___Cifar10Resnet___/hls-nn-lib_test/solution1/.autopilot/db/docompute.constraint.tcl 
Command       ap_source returned 0; 0 sec.
Execute       source /home/keyarash/University/Project1/___Cifar10Resnet___/hls-nn-lib_test/solution1/.autopilot/db/docompute.tbgen.tcl 
Command       ap_source returned 0; 0 sec.
Execute       source /home/keyarash/University/Project1/___Cifar10Resnet___/hls-nn-lib_test/solution1/.autopilot/db/global.setting.tcl 
Command       ap_source returned 0; 0 sec.
Execute       source /home/keyarash/University/Project1/___Cifar10Resnet___/hls-nn-lib_test/solution1/.autopilot/db/global.setting.tcl 
Command       ap_source returned 0; 0 sec.
Execute       source /home/keyarash/University/Project1/___Cifar10Resnet___/hls-nn-lib_test/solution1/.autopilot/db/global.setting.tcl 
Command       ap_source returned 0; 0 sec.
Execute       source /home/keyarash/University/Project1/___Cifar10Resnet___/hls-nn-lib_test/solution1/.autopilot/db/global.setting.tcl 
Command       ap_source returned 0; 0 sec.
Execute       source /home/keyarash/University/Project1/___Cifar10Resnet___/hls-nn-lib_test/solution1/.autopilot/db/docompute.constraint.tcl 
Command       ap_source returned 0; 0 sec.
Execute       sc_get_clocks docompute 
Command       sc_get_clocks returned 0; 0 sec.
Execute       source /home/keyarash/University/Project1/___Cifar10Resnet___/hls-nn-lib_test/solution1/.autopilot/db/global.setting.tcl 
Command       ap_source returned 0; 0 sec.
INFO: [HLS 200-111] Finished generating all RTL models Time (s): cpu = 00:00:42 ; elapsed = 00:00:27 . Memory (MB): peak = 487.934 ; gain = 141.371 ; free physical = 450 ; free virtual = 4013
INFO: [SYSC 207-301] Generating SystemC RTL for docompute.
INFO: [VHDL 208-304] Generating VHDL RTL for docompute.
INFO: [VLOG 209-307] Generating Verilog RTL for docompute.
Command     autosyn returned 0; 1.17 sec.
Command   csynth_design returned 0; 26.23 sec.
Command ap_source returned 0; 26.54 sec.
Execute cleanup_all 
Command cleanup_all returned 0; 0 sec.
